Arguments: 
  C:\Program Files\nodejs\node.exe C:\Users\Lenovo\AppData\Roaming\npm\node_modules\yarn\bin\yarn.js add react-elastic-carousel

PATH: 
  C:\Program Files\Microsoft\jdk-11.0.18.10-hotspot\bin;C:\Python311\Scripts\;C:\Python311\;C:\Program Files\Zulu\zulu-8\bin\;C:\Program Files\Zulu\zulu-11\bin\;C:\oraclexe\app\oracle\product\11.2.0\server\bin;C:\WINDOWS\system32;C:\WINDOWS;C:\WINDOWS\System32\Wbem;C:\WINDOWS\System32\WindowsPowerShell\v1.0\;C:\WINDOWS\System32\OpenSSH\;C:\Program Files\Intel\WiFi\bin\;C:\Program Files\Common Files\Intel\WirelessCommon\;C:\Users\Lenovo\AppData\Local\Programs\Python\Python310;C:\Program Files\Java\jdk-19\bin;C:\Program Files (x86)\MATLAB\R2015b\runtime\win32;C:\Program Files (x86)\MATLAB\R2015b\bin;C:\Program Files (x86)\MATLAB\R2015b\polyspace\bin;C:\MinGW\bin;C:\MinGW\MinGW\bin;C:\xampp\php;C:\ProgramData\ComposerSetup\bin;C:\ProgramData\chocolatey\bin;C:\Program Files\Git\cmd;C:\Program Files\nodejs\;C:\Program Files\Git LFS;C:\Users\Lenovo\anaconda3;C:\Users\Lenovo\anaconda3\Library\mingw-w64\bin;C:\Users\Lenovo\anaconda3\Library\usr\bin;C:\Users\Lenovo\anaconda3\Library\bin;C:\Users\Lenovo\anaconda3\Scripts;C:\Users\Lenovo\AppData\Local\Microsoft\WindowsApps;C:\Users\Lenovo\AppData\Local\Programs\Microsoft VS Code\bin;C:\Users\Lenovo\AppData\Local\Programs\Python\Python310;C:\MinGW\bin;C:\MinGW\MinGW\bin;C:\xampp\php;C:\Users\Lenovo\AppData\Roaming\Composer\vendor\bin;C:\Users\Lenovo\AppData\Roaming\npm

Yarn version: 
  1.22.19

Node version: 
  18.16.0

Platform: 
  win32 x64

Trace: 
  Error: EPERM: operation not permitted, copyfile 'C:\Users\Lenovo\AppData\Local\Yarn\Cache\v6\npm-react-bootstrap-2.7.4-db95ecdcdfae9619de14511b5e9923bf95daf73d-integrity\node_modules\react-bootstrap\esm\AbstractModalHeader.js' -> 'C:\Users\Lenovo\OneDrive\Bureau\Pharmacie\pharmacie\node_modules\react-bootstrap\esm\AbstractModalHeader.js'

npm manifest: 
  {
    "name": "pharmacie",
    "version": "0.1.0",
    "private": true,
    "dependencies": {
      "@testing-library/jest-dom": "^5.16.5",
      "@testing-library/react": "^13.4.0",
      "@testing-library/user-event": "^13.5.0",
      "bootstrap": "^5.2.3",
      "leaflet": "^1.9.3",
      "react": "^18.2.0",
      "react-bootstrap": "^2.7.2",
      "react-dom": "^18.2.0",
      "react-leaflet": "^4.2.1",
      "react-router-dom": "^6.10.0",
      "react-scripts": "5.0.1",
      "web-vitals": "^2.1.4"
    },
    "scripts": {
      "start": "react-scripts start",
      "build": "react-scripts build",
      "test": "react-scripts test",
      "eject": "react-scripts eject"
    },
    "eslintConfig": {
      "extends": [
        "react-app",
        "react-app/jest"
      ]
    },
    "browserslist": {
      "production": [
        ">0.2%",
        "not dead",
        "not op_mini all"
      ],
      "development": [
        "last 1 chrome version",
        "last 1 firefox version",
        "last 1 safari version"
      ]
    }
  }

yarn manifest: 
  No manifest

Lockfile: 
  No lockfile
